Giving Floor to Channel 1

	Channel 1 spoke for 0.959917 secs
	Channel 1 TSL (total speaking length): 0.959917 secs
	Channel 1 TSLNoU (total speaking length no utterances): 0 secs
	Channel 1 TSI (total speaking interrupts): 0 times
	Channel 1 TSI (total speaking unsuccessful interrupts): 0 times
	Channel 1 Dominance Percentage: 100%
	Channel 1 Is Dominant: YES
	Channel 1 Session Time: 20.4923 sec
Giving Floor to Channel 1

	Channel 1 spoke for 2.33586 secs
	Channel 1 TSL (total speaking length): 3.29578 secs
	Channel 1 TSLNoU (total speaking length no utterances): 2.33586 secs
	Channel 1 TSI (total speaking interrupts): 0 times
	Channel 1 TSI (total speaking unsuccessful interrupts): 0 times
	Channel 1 Dominance Percentage: 100%
	Channel 1 Is Dominant: YES
	Channel 1 Session Time: 24.4281 sec
Giving Floor to Channel 1

	Channel 1 spoke for 0.671959 secs
	Channel 1 TSL (total speaking length): 3.96774 secs
	Channel 1 TSLNoU (total speaking length no utterances): 2.33586 secs
	Channel 1 TSI (total speaking interrupts): 0 times
	Channel 1 TSI (total speaking unsuccessful interrupts): 0 times
	Channel 1 Dominance Percentage: 100%
	Channel 1 Is Dominant: YES
	Channel 1 Session Time: 44.0742 sec
Giving Floor to Channel 1

	Channel 1 spoke for 1.3119 secs
	Channel 1 TSL (total speaking length): 5.27964 secs
	Channel 1 TSLNoU (total speaking length no utterances): 3.64776 secs
	Channel 1 TSI (total speaking interrupts): 0 times
	Channel 1 TSI (total speaking unsuccessful interrupts): 0 times
	Channel 1 Dominance Percentage: 100%
	Channel 1 Is Dominant: YES
	Channel 1 Session Time: 50.9856 sec
Giving Floor to Channel 1

	Channel 1 spoke for 0.639944 secs
	Channel 1 TSL (total speaking length): 5.91958 secs
	Channel 1 TSLNoU (total speaking length no utterances): 3.64776 secs
	Channel 1 TSI (total speaking interrupts): 0 times
	Channel 1 TSI (total speaking unsuccessful interrupts): 0 times
	Channel 1 Dominance Percentage: 100%
	Channel 1 Is Dominant: YES
	Channel 1 Session Time: 66.6322 sec
Giving Floor to Channel 1

	Channel 1 spoke for 1.72784 secs
	Channel 1 TSL (total speaking length): 7.64742 secs
	Channel 1 TSLNoU (total speaking length no utterances): 5.3756 secs
	Channel 1 TSI (total speaking interrupts): 0 times
	Channel 1 TSI (total speaking unsuccessful interrupts): 0 times
	Channel 1 Dominance Percentage: 100%
	Channel 1 Is Dominant: YES
	Channel 1 Session Time: 79.5909 sec
Giving Floor to Channel 1

	Channel 1 spoke for 0.863926 secs
	Channel 1 TSL (total speaking length): 8.51135 secs
	Channel 1 TSLNoU (total speaking length no utterances): 5.3756 secs
	Channel 1 TSI (total speaking interrupts): 0 times
	Channel 1 TSI (total speaking unsuccessful interrupts): 0 times
	Channel 1 Dominance Percentage: 100%
	Channel 1 Is Dominant: YES
	Channel 1 Session Time: 92.3258 sec
Giving Floor to Channel 2

	Channel 2 spoke for 0.479898 secs
	Channel 2 TSL (total speaking length): 0.479898 secs
	Channel 2 TSLNoU (total speaking length no utterances): 0 secs
	Channel 2 TSI (total speaking interrupts): 0 times
	Channel 2 TSI (total speaking unsuccessful interrupts): 0 times
	Channel 2 Dominance Percentage: 5.33739%
	Channel 2 Is Dominant: NO
	Channel 2 Session Time: 104.005 sec
Giving Floor to Channel 1

	Channel 1 spoke for 0.799893 secs
	Channel 1 TSL (total speaking length): 9.31124 secs
	Channel 1 TSLNoU (total speaking length no utterances): 5.3756 secs
	Channel 1 TSI (total speaking interrupts): 0 times
	Channel 1 TSI (total speaking unsuccessful interrupts): 0 times
	Channel 1 Dominance Percentage: 95.0986%
	Channel 1 Is Dominant: YES
	Channel 1 Session Time: 106.212 sec
Giving Floor to Channel 2

	Channel 2 spoke for 0.575952 secs
	Channel 2 TSL (total speaking length): 1.05585 secs
	Channel 2 TSLNoU (total speaking length no utterances): 0 secs
	Channel 2 TSI (total speaking interrupts): 0 times
	Channel 2 TSI (total speaking unsuccessful interrupts): 0 times
	Channel 2 Dominance Percentage: 10.1846%
	Channel 2 Is Dominant: NO
	Channel 2 Session Time: 107.268 sec
Giving Floor to Channel 1

	Channel 1 spoke for 0.639943 secs
	Channel 1 TSL (total speaking length): 9.95118 secs
	Channel 1 TSLNoU (total speaking length no utterances): 5.3756 secs
	Channel 1 TSI (total speaking interrupts): 0 times
	Channel 1 TSI (total speaking unsuccessful interrupts): 0 times
	Channel 1 Dominance Percentage: 90.4075%
	Channel 1 Is Dominant: YES
	Channel 1 Session Time: 109.124 sec
Giving Floor to Channel 1

	Channel 1 spoke for 1.21594 secs
	Channel 1 TSL (total speaking length): 11.1671 secs
	Channel 1 TSLNoU (total speaking length no utterances): 6.59154 secs
	Channel 1 TSI (total speaking interrupts): 0 times
	Channel 1 TSI (total speaking unsuccessful interrupts): 0 times
	Channel 1 Dominance Percentage: 91.3618%
	Channel 1 Is Dominant: YES
	Channel 1 Session Time: 110.404 sec
Giving Floor to Channel 1

	Channel 1 spoke for 1.79181 secs
	Channel 1 TSL (total speaking length): 12.9589 secs
	Channel 1 TSLNoU (total speaking length no utterances): 8.38335 secs
	Channel 1 TSI (total speaking interrupts): 0 times
	Channel 1 TSI (total speaking unsuccessful interrupts): 0 times
	Channel 1 Dominance Percentage: 92.4662%
	Channel 1 Is Dominant: YES
	Channel 1 Session Time: 113.188 sec
Giving Floor to Channel 2

	Channel 2 spoke for 0.927945 secs
	Channel 2 TSL (total speaking length): 1.98379 secs
	Channel 2 TSLNoU (total speaking length no utterances): 0 secs
	Channel 2 TSI (total speaking interrupts): 0 times
	Channel 2 TSI (total speaking unsuccessful interrupts): 0 times
	Channel 2 Dominance Percentage: 13.276%
	Channel 2 Is Dominant: NO
	Channel 2 Session Time: 115.044 sec
	Channel 1 spoke for 0.159983 secs
	Channel 1 TSL (total speaking length): 13.1189 secs
	Channel 1 TSLNoU (total speaking length no utterances): 8.38335 secs
	Channel 1 TSI (total speaking interrupts): 0 times
	Channel 1 TSI (total speaking unsuccessful interrupts): 0 times
	Channel 1 Dominance Percentage: 86.8646%
	Channel 1 Is Dominant: YES
	Channel 1 Session Time: 115.172 sec
Giving Floor to Channel 1

	Channel 1 spoke for 0.383938 secs
	Channel 1 TSL (total speaking length): 13.5028 secs
	Channel 1 TSLNoU (total speaking length no utterances): 8.38335 secs
	Channel 1 TSI (total speaking interrupts): 0 times
	Channel 1 TSI (total speaking unsuccessful interrupts): 0 times
	Channel 1 Dominance Percentage: 87.1903%
	Channel 1 Is Dominant: YES
	Channel 1 Session Time: 115.684 sec
Giving Floor to Channel 1

	Channel 1 spoke for 0.735916 secs
	Channel 1 TSL (total speaking length): 14.2388 secs
	Channel 1 TSLNoU (total speaking length no utterances): 8.38335 secs
	Channel 1 TSI (total speaking interrupts): 0 times
	Channel 1 TSI (total speaking unsuccessful interrupts): 0 times
	Channel 1 Dominance Percentage: 87.7714%
	Channel 1 Is Dominant: YES
	Channel 1 Session Time: 122.211 sec
Giving Floor to Channel 2

	Channel 2 spoke for 0.383997 secs
	Channel 2 TSL (total speaking length): 2.36779 secs
	Channel 2 TSLNoU (total speaking length no utterances): 0 secs
	Channel 2 TSI (total speaking interrupts): 0 times
	Channel 2 TSI (total speaking unsuccessful interrupts): 0 times
	Channel 2 Dominance Percentage: 14.2582%
	Channel 2 Is Dominant: NO
	Channel 2 Session Time: 124.899 sec
Giving Floor to Channel 1

	Channel 1 spoke for 0.351944 secs
	Channel 1 TSL (total speaking length): 14.5907 secs
	Channel 1 TSLNoU (total speaking length no utterances): 8.38335 secs
	Channel 1 TSI (total speaking interrupts): 0 times
	Channel 1 TSI (total speaking unsuccessful interrupts): 0 times
	Channel 1 Dominance Percentage: 86.0377%
	Channel 1 Is Dominant: YES
	Channel 1 Session Time: 125.795 sec
Giving Floor to Channel 1

	Channel 1 spoke for 0.256004 secs
	Channel 1 TSL (total speaking length): 14.8467 secs
	Channel 1 TSLNoU (total speaking length no utterances): 8.38335 secs
	Channel 1 TSI (total speaking interrupts): 0 times
	Channel 1 TSI (total speaking unsuccessful interrupts): 0 times
	Channel 1 Dominance Percentage: 86.2454%
	Channel 1 Is Dominant: YES
	Channel 1 Session Time: 126.211 sec
Giving Floor to Channel 1

	Channel 1 spoke for 1.0879 secs
	Channel 1 TSL (total speaking length): 15.9346 secs
	Channel 1 TSLNoU (total speaking length no utterances): 9.47124 secs
	Channel 1 TSI (total speaking interrupts): 0 times
	Channel 1 TSI (total speaking unsuccessful interrupts): 0 times
	Channel 1 Dominance Percentage: 87.0629%
	Channel 1 Is Dominant: YES
	Channel 1 Session Time: 138.817 sec
Giving Floor to Channel 1

	Channel 1 spoke for 0.671932 secs
	Channel 1 TSL (total speaking length): 16.6065 secs
	Channel 1 TSLNoU (total speaking length no utterances): 9.47124 secs
	Channel 1 TSI (total speaking interrupts): 0 times
	Channel 1 TSI (total speaking unsuccessful interrupts): 0 times
	Channel 1 Dominance Percentage: 87.5211%
	Channel 1 Is Dominant: YES
	Channel 1 Session Time: 153.504 sec
Giving Floor to Channel 1

	Channel 1 spoke for 0.127989 secs
	Channel 1 TSL (total speaking length): 16.7345 secs
	Channel 1 TSLNoU (total speaking length no utterances): 9.47124 secs
	Channel 1 TSI (total speaking interrupts): 0 times
	Channel 1 TSI (total speaking unsuccessful interrupts): 0 times
	Channel 1 Dominance Percentage: 87.6047%
	Channel 1 Is Dominant: YES
	Channel 1 Session Time: 159.36 sec
Giving Floor to Channel 1

	Channel 1 spoke for 0.735929 secs
	Channel 1 TSL (total speaking length): 17.4705 secs
	Channel 1 TSLNoU (total speaking length no utterances): 9.47124 secs
	Channel 1 TSI (total speaking interrupts): 0 times
	Channel 1 TSI (total speaking unsuccessful interrupts): 0 times
	Channel 1 Dominance Percentage: 88.0645%
	Channel 1 Is Dominant: YES
	Channel 1 Session Time: 162.207 sec
Giving Floor to Channel 1

	Channel 1 spoke for 1.24789 secs
	Channel 1 TSL (total speaking length): 18.7183 secs
	Channel 1 TSLNoU (total speaking length no utterances): 10.7191 secs
	Channel 1 TSI (total speaking interrupts): 0 times
	Channel 1 TSI (total speaking unsuccessful interrupts): 0 times
	Channel 1 Dominance Percentage: 88.7709%
	Channel 1 Is Dominant: YES
	Channel 1 Session Time: 170.303 sec
Giving Floor to Channel 2

	Channel 2 spoke for 0.159995 secs
	Channel 2 TSL (total speaking length): 2.52779 secs
	Channel 2 TSLNoU (total speaking length no utterances): 0 secs
	Channel 2 TSI (total speaking interrupts): 0 times
	Channel 2 TSI (total speaking unsuccessful interrupts): 0 times
	Channel 2 Dominance Percentage: 11.8976%
	Channel 2 Is Dominant: NO
	Channel 2 Session Time: 175.902 sec
Giving Floor to Channel 1

	Channel 1 spoke for 1.79184 secs
	Channel 1 TSL (total speaking length): 20.5102 secs
	Channel 1 TSLNoU (total speaking length no utterances): 12.511 secs
	Channel 1 TSI (total speaking interrupts): 0 times
	Channel 1 TSI (total speaking unsuccessful interrupts): 0 times
	Channel 1 Dominance Percentage: 89.0277%
	Channel 1 Is Dominant: YES
	Channel 1 Session Time: 180.766 sec
Giving Floor to Channel 1

	Channel 1 spoke for 0.607945 secs
	Channel 1 TSL (total speaking length): 21.1181 secs
	Channel 1 TSLNoU (total speaking length no utterances): 12.511 secs
	Channel 1 TSI (total speaking interrupts): 0 times
	Channel 1 TSI (total speaking unsuccessful interrupts): 0 times
	Channel 1 Dominance Percentage: 89.3098%
	Channel 1 Is Dominant: YES
	Channel 1 Session Time: 212.635 sec
Giving Floor to Channel 2

	Channel 2 spoke for 0.351968 secs
	Channel 2 TSL (total speaking length): 2.87975 secs
	Channel 2 TSLNoU (total speaking length no utterances): 0 secs
	Channel 2 TSI (total speaking interrupts): 0 times
	Channel 2 TSI (total speaking unsuccessful interrupts): 0 times
	Channel 2 Dominance Percentage: 12%
	Channel 2 Is Dominant: NO
	Channel 2 Session Time: 215.738 sec
Giving Floor to Channel 2

	Channel 2 spoke for 0.287971 secs
	Channel 2 TSL (total speaking length): 3.16773 secs
	Channel 2 TSLNoU (total speaking length no utterances): 0 secs
	Channel 2 TSI (total speaking interrupts): 0 times
	Channel 2 TSI (total speaking unsuccessful interrupts): 0 times
	Channel 2 Dominance Percentage: 13.0435%
	Channel 2 Is Dominant: NO
	Channel 2 Session Time: 217.818 sec
Giving Floor to Channel 1

	Channel 1 spoke for 0.383964 secs
	Channel 1 TSL (total speaking length): 21.5021 secs
	Channel 1 TSLNoU (total speaking length no utterances): 12.511 secs
	Channel 1 TSI (total speaking interrupts): 0 times
	Channel 1 TSI (total speaking unsuccessful interrupts): 0 times
	Channel 1 Dominance Percentage: 87.1595%
	Channel 1 Is Dominant: YES
	Channel 1 Session Time: 219.546 sec
Giving Floor to Channel 1

	Channel 1 spoke for 0.415962 secs
	Channel 1 TSL (total speaking length): 21.9181 secs
	Channel 1 TSLNoU (total speaking length no utterances): 12.511 secs
	Channel 1 TSI (total speaking interrupts): 0 times
	Channel 1 TSI (total speaking unsuccessful interrupts): 0 times
	Channel 1 Dominance Percentage: 87.3724%
	Channel 1 Is Dominant: YES
	Channel 1 Session Time: 233.145 sec
Giving Floor to Channel 1

	Channel 1 spoke for 0.319973 secs
	Channel 1 TSL (total speaking length): 22.238 secs
	Channel 1 TSLNoU (total speaking length no utterances): 12.511 secs
	Channel 1 TSI (total speaking interrupts): 0 times
	Channel 1 TSI (total speaking unsuccessful interrupts): 0 times
	Channel 1 Dominance Percentage: 87.5315%
	Channel 1 Is Dominant: YES
	Channel 1 Session Time: 233.593 sec
Giving Floor to Channel 1

	Channel 1 spoke for 2.75175 secs
	Channel 1 TSL (total speaking length): 24.9898 secs
	Channel 1 TSLNoU (total speaking length no utterances): 15.2627 secs
	Channel 1 TSI (total speaking interrupts): 0 times
	Channel 1 TSI (total speaking unsuccessful interrupts): 0 times
	Channel 1 Dominance Percentage: 88.75%
	Channel 1 Is Dominant: YES
	Channel 1 Session Time: 238.232 sec
Giving Floor to Channel 2

	Channel 2 spoke for 1.21588 secs
	Channel 2 TSL (total speaking length): 4.38361 secs
	Channel 2 TSLNoU (total speaking length no utterances): 1.21588 secs
	Channel 2 TSI (total speaking interrupts): 0 times
	Channel 2 TSI (total speaking unsuccessful interrupts): 0 times
	Channel 2 Dominance Percentage: 14.9237%
	Channel 2 Is Dominant: NO
	Channel 2 Session Time: 241.4 sec
Giving Floor to Channel 2

	Channel 2 spoke for 0.639942 secs
	Channel 2 TSL (total speaking length): 5.02355 secs
	Channel 2 TSLNoU (total speaking length no utterances): 1.21588 secs
	Channel 2 TSI (total speaking interrupts): 0 times
	Channel 2 TSI (total speaking unsuccessful interrupts): 0 times
	Channel 2 Dominance Percentage: 16.7377%
	Channel 2 Is Dominant: NO
	Channel 2 Session Time: 245.784 sec
Giving Floor to Channel 2

	Channel 2 spoke for 0.767959 secs
	Channel 2 TSL (total speaking length): 5.79151 secs
	Channel 2 TSLNoU (total speaking length no utterances): 1.21588 secs
	Channel 2 TSI (total speaking interrupts): 0 times
	Channel 2 TSI (total speaking unsuccessful interrupts): 0 times
	Channel 2 Dominance Percentage: 18.815%
	Channel 2 Is Dominant: NO
	Channel 2 Session Time: 251.735 sec
Giving Floor to Channel 1

	Channel 1 spoke for 5.63146 secs
	Channel 1 TSL (total speaking length): 30.6212 secs
	Channel 1 TSLNoU (total speaking length no utterances): 20.8942 secs
	Channel 1 TSI (total speaking interrupts): 0 times
	Channel 1 TSI (total speaking unsuccessful interrupts): 0 times
	Channel 1 Dominance Percentage: 84.0948%
	Channel 1 Is Dominant: YES
	Channel 1 Session Time: 258.71 sec
Giving Floor to Channel 2

	Channel 2 spoke for 0.70393 secs
	Channel 2 TSL (total speaking length): 6.49544 secs
	Channel 2 TSLNoU (total speaking length no utterances): 1.21588 secs
	Channel 2 TSI (total speaking interrupts): 0 times
	Channel 2 TSI (total speaking unsuccessful interrupts): 0 times
	Channel 2 Dominance Percentage: 17.5001%
	Channel 2 Is Dominant: NO
	Channel 2 Session Time: 259.798 sec
Giving Floor to Channel 1

	Channel 1 spoke for 0.671923 secs
	Channel 1 TSL (total speaking length): 31.2932 secs
	Channel 1 TSLNoU (total speaking length no utterances): 20.8942 secs
	Channel 1 TSI (total speaking interrupts): 0 times
	Channel 1 TSI (total speaking unsuccessful interrupts): 0 times
	Channel 1 Dominance Percentage: 82.8111%
	Channel 1 Is Dominant: YES
	Channel 1 Session Time: 275.637 sec
Giving Floor to Channel 2

	Channel 2 spoke for 0.223985 secs
	Channel 2 TSL (total speaking length): 6.71942 secs
	Channel 2 TSLNoU (total speaking length no utterances): 1.21588 secs
	Channel 2 TSI (total speaking interrupts): 0 times
	Channel 2 TSI (total speaking unsuccessful interrupts): 0 times
	Channel 2 Dominance Percentage: 17.6768%
	Channel 2 Is Dominant: NO
	Channel 2 Session Time: 284.404 sec
Giving Floor to Channel 1

	Channel 1 spoke for 1.21589 secs
	Channel 1 TSL (total speaking length): 32.509 secs
	Channel 1 TSLNoU (total speaking length no utterances): 22.1101 secs
	Channel 1 TSI (total speaking interrupts): 0 times
	Channel 1 TSI (total speaking unsuccessful interrupts): 0 times
	Channel 1 Dominance Percentage: 82.8711%
	Channel 1 Is Dominant: YES
	Channel 1 Session Time: 293.747 sec
Giving Floor to Channel 1

	Channel 1 spoke for 2.84773 secs
	Channel 1 TSL (total speaking length): 35.3568 secs
	Channel 1 TSLNoU (total speaking length no utterances): 24.9578 secs
	Channel 1 TSI (total speaking interrupts): 0 times
	Channel 1 TSI (total speaking unsuccessful interrupts): 0 times
	Channel 1 Dominance Percentage: 84.0303%
	Channel 1 Is Dominant: YES
	Channel 1 Session Time: 297.811 sec
Giving Floor to Channel 2

	Channel 2 spoke for 0.255975 secs
	Channel 2 TSL (total speaking length): 6.9754 secs
	Channel 2 TSLNoU (total speaking length no utterances): 1.21588 secs
	Channel 2 TSI (total speaking interrupts): 0 times
	Channel 2 TSI (total speaking unsuccessful interrupts): 0 times
	Channel 2 Dominance Percentage: 16.4778%
	Channel 2 Is Dominant: NO
	Channel 2 Session Time: 308.402 sec
Giving Floor to Channel 1

	Channel 1 spoke for 1.02391 secs
	Channel 1 TSL (total speaking length): 36.3807 secs
	Channel 1 TSLNoU (total speaking length no utterances): 25.9817 secs
	Channel 1 TSI (total speaking interrupts): 0 times
	Channel 1 TSI (total speaking unsuccessful interrupts): 0 times
	Channel 1 Dominance Percentage: 83.9114%
	Channel 1 Is Dominant: YES
	Channel 1 Session Time: 320.881 sec
Giving Floor to Channel 1

	Channel 1 spoke for 0.287974 secs
	Channel 1 TSL (total speaking length): 36.6687 secs
	Channel 1 TSLNoU (total speaking length no utterances): 25.9817 secs
	Channel 1 TSI (total speaking interrupts): 0 times
	Channel 1 TSI (total speaking unsuccessful interrupts): 0 times
	Channel 1 Dominance Percentage: 84.0175%
	Channel 1 Is Dominant: YES
	Channel 1 Session Time: 323.888 sec
Giving Floor to Channel 1

	Channel 1 spoke for 0.383993 secs
	Channel 1 TSL (total speaking length): 37.0527 secs
	Channel 1 TSLNoU (total speaking length no utterances): 25.9817 secs
	Channel 1 TSI (total speaking interrupts): 0 times
	Channel 1 TSI (total speaking unsuccessful interrupts): 0 times
	Channel 1 Dominance Percentage: 84.1569%
	Channel 1 Is Dominant: YES
	Channel 1 Session Time: 327.664 sec
Giving Floor to Channel 1

	Channel 1 spoke for 0.159982 secs
	Channel 1 TSL (total speaking length): 37.2126 secs
	Channel 1 TSLNoU (total speaking length no utterances): 25.9817 secs
	Channel 1 TSI (total speaking interrupts): 0 times
	Channel 1 TSI (total speaking unsuccessful interrupts): 0 times
	Channel 1 Dominance Percentage: 84.2143%
	Channel 1 Is Dominant: YES
	Channel 1 Session Time: 347.214 sec
Giving Floor to Channel 1

	Channel 1 spoke for 1.11989 secs
	Channel 1 TSL (total speaking length): 38.3325 secs
	Channel 1 TSLNoU (total speaking length no utterances): 27.1016 secs
	Channel 1 TSI (total speaking interrupts): 0 times
	Channel 1 TSI (total speaking unsuccessful interrupts): 0 times
	Channel 1 Dominance Percentage: 84.6045%
	Channel 1 Is Dominant: YES
	Channel 1 Session Time: 359.149 sec
Giving Floor to Channel 1

	Channel 1 spoke for 3.10374 secs
	Channel 1 TSL (total speaking length): 41.4363 secs
	Channel 1 TSLNoU (total speaking length no utterances): 30.2053 secs
	Channel 1 TSI (total speaking interrupts): 0 times
	Channel 1 TSI (total speaking unsuccessful interrupts): 0 times
	Channel 1 Dominance Percentage: 85.5915%
	Channel 1 Is Dominant: YES
	Channel 1 Session Time: 368.94 sec
Giving Floor to Channel 1

	Channel 1 spoke for 1.24784 secs
	Channel 1 TSL (total speaking length): 42.6841 secs
	Channel 1 TSLNoU (total speaking length no utterances): 31.4532 secs
	Channel 1 TSI (total speaking interrupts): 0 times
	Channel 1 TSI (total speaking unsuccessful interrupts): 0 times
	Channel 1 Dominance Percentage: 85.9535%
	Channel 1 Is Dominant: YES
	Channel 1 Session Time: 372.844 sec
Giving Floor to Channel 1

	Channel 1 spoke for 3.03972 secs
	Channel 1 TSL (total speaking length): 45.7238 secs
	Channel 1 TSLNoU (total speaking length no utterances): 34.4929 secs
	Channel 1 TSI (total speaking interrupts): 0 times
	Channel 1 TSI (total speaking unsuccessful interrupts): 0 times
	Channel 1 Dominance Percentage: 86.7638%
	Channel 1 Is Dominant: YES
	Channel 1 Session Time: 375.948 sec
Giving Floor to Channel 1

	Channel 1 spoke for 0.799928 secs
	Channel 1 TSL (total speaking length): 46.5238 secs
	Channel 1 TSLNoU (total speaking length no utterances): 34.4929 secs
	Channel 1 TSI (total speaking interrupts): 0 times
	Channel 1 TSI (total speaking unsuccessful interrupts): 0 times
	Channel 1 Dominance Percentage: 86.9617%
	Channel 1 Is Dominant: YES
	Channel 1 Session Time: 381.259 sec
Giving Floor to Channel 1

	Channel 1 spoke for 0.63994 secs
	Channel 1 TSL (total speaking length): 47.1637 secs
	Channel 1 TSLNoU (total speaking length no utterances): 34.4929 secs
	Channel 1 TSI (total speaking interrupts): 0 times
	Channel 1 TSI (total speaking unsuccessful interrupts): 0 times
	Channel 1 Dominance Percentage: 87.1158%
	Channel 1 Is Dominant: YES
	Channel 1 Session Time: 385.707 sec
Giving Floor to Channel 1

	Channel 1 spoke for 0.447961 secs
	Channel 1 TSL (total speaking length): 47.6117 secs
	Channel 1 TSLNoU (total speaking length no utterances): 34.4929 secs
	Channel 1 TSI (total speaking interrupts): 0 times
	Channel 1 TSI (total speaking unsuccessful interrupts): 0 times
	Channel 1 Dominance Percentage: 87.2215%
	Channel 1 Is Dominant: YES
	Channel 1 Session Time: 387.339 sec
Giving Floor to Channel 1

	Channel 1 spoke for 1.2799 secs
	Channel 1 TSL (total speaking length): 48.8915 secs
	Channel 1 TSLNoU (total speaking length no utterances): 35.7728 secs
	Channel 1 TSI (total speaking interrupts): 0 times
	Channel 1 TSI (total speaking unsuccessful interrupts): 0 times
	Channel 1 Dominance Percentage: 87.5143%
	Channel 1 Is Dominant: YES
	Channel 1 Session Time: 392.746 sec
Giving Floor to Channel 1

	Channel 1 spoke for 0.703936 secs
	Channel 1 TSL (total speaking length): 49.5955 secs
	Channel 1 TSLNoU (total speaking length no utterances): 35.7728 secs
	Channel 1 TSI (total speaking interrupts): 0 times
	Channel 1 TSI (total speaking unsuccessful interrupts): 0 times
	Channel 1 Dominance Percentage: 87.6696%
	Channel 1 Is Dominant: YES
	Channel 1 Session Time: 401.929 sec
Giving Floor to Channel 1

Channel 1, you've been talking for quite some time, why don't you let Channel 2 take over?
	Channel 1 spoke for 2.11179 secs
	Channel 1 TSL (total speaking length): 51.7073 secs
	Channel 1 TSLNoU (total speaking length no utterances): 37.8846 secs
	Channel 1 TSI (total speaking interrupts): 0 times
	Channel 1 TSI (total speaking unsuccessful interrupts): 0 times
	Channel 1 Dominance Percentage: 88.1134%
	Channel 1 Is Dominant: YES
	Channel 1 Session Time: 405.193 sec
	Channel 2 spoke for 0.735935 secs
	Channel 2 TSL (total speaking length): 7.71134 secs
	Channel 2 TSLNoU (total speaking length no utterances): 1.21588 secs
	Channel 2 TSI (total speaking interrupts): 0 times
	Channel 2 TSI (total speaking unsuccessful interrupts): 0 times
	Channel 2 Dominance Percentage: 12.978%
	Channel 2 Is Dominant: NO
	Channel 2 Session Time: 405.865 sec
Giving Floor to Channel 1

	Channel 1 spoke for 1.95183 secs
	Channel 1 TSL (total speaking length): 53.6591 secs
	Channel 1 TSLNoU (total speaking length no utterances): 39.8364 secs
	Channel 1 TSI (total speaking interrupts): 0 times
	Channel 1 TSI (total speaking unsuccessful interrupts): 0 times
	Channel 1 Dominance Percentage: 87.4348%
	Channel 1 Is Dominant: YES
	Channel 1 Session Time: 410.6 sec
Giving Floor to Channel 1

	Channel 1 spoke for 1.98382 secs
	Channel 1 TSL (total speaking length): 55.6429 secs
	Channel 1 TSLNoU (total speaking length no utterances): 41.8202 secs
	Channel 1 TSI (total speaking interrupts): 0 times
	Channel 1 TSI (total speaking unsuccessful interrupts): 0 times
	Channel 1 Dominance Percentage: 87.8282%
	Channel 1 Is Dominant: YES
	Channel 1 Session Time: 417.384 sec
Giving Floor to Channel 1

	Channel 1 spoke for 1.0559 secs
	Channel 1 TSL (total speaking length): 56.6988 secs
	Channel 1 TSLNoU (total speaking length no utterances): 42.8761 secs
	Channel 1 TSI (total speaking interrupts): 0 times
	Channel 1 TSI (total speaking unsuccessful interrupts): 0 times
	Channel 1 Dominance Percentage: 88.0278%
	Channel 1 Is Dominant: YES
	Channel 1 Session Time: 419.336 sec
Giving Floor to Channel 1

	Channel 1 spoke for 2.30379 secs
	Channel 1 TSL (total speaking length): 59.0026 secs
	Channel 1 TSLNoU (total speaking length no utterances): 45.1799 secs
	Channel 1 TSI (total speaking interrupts): 0 times
	Channel 1 TSI (total speaking unsuccessful interrupts): 0 times
	Channel 1 Dominance Percentage: 88.4412%
	Channel 1 Is Dominant: YES
	Channel 1 Session Time: 436.87 sec
Giving Floor to Channel 1

	Channel 1 spoke for 2.65578 secs
	Channel 1 TSL (total speaking length): 61.6584 secs
	Channel 1 TSLNoU (total speaking length no utterances): 47.8357 secs
	Channel 1 TSI (total speaking interrupts): 0 times
	Channel 1 TSI (total speaking unsuccessful interrupts): 0 times
	Channel 1 Dominance Percentage: 88.8837%
	Channel 1 Is Dominant: YES
	Channel 1 Session Time: 441.669 sec
Giving Floor to Channel 1

	Channel 1 spoke for 3.2637 secs
	Channel 1 TSL (total speaking length): 64.9221 secs
	Channel 1 TSLNoU (total speaking length no utterances): 51.0994 secs
	Channel 1 TSI (total speaking interrupts): 0 times
	Channel 1 TSI (total speaking unsuccessful interrupts): 0 times
	Channel 1 Dominance Percentage: 89.3832%
	Channel 1 Is Dominant: YES
	Channel 1 Session Time: 446.501 sec
Giving Floor to Channel 1

	Channel 1 spoke for 0.09599 secs
	Channel 1 TSL (total speaking length): 65.0181 secs
	Channel 1 TSLNoU (total speaking length no utterances): 51.0994 secs
	Channel 1 TSI (total speaking interrupts): 0 times
	Channel 1 TSI (total speaking unsuccessful interrupts): 0 times
	Channel 1 Dominance Percentage: 89.3972%
	Channel 1 Is Dominant: YES
	Channel 1 Session Time: 446.661 sec
Giving Floor to Channel 1

	Channel 1 spoke for 0.479958 secs
	Channel 1 TSL (total speaking length): 65.498 secs
	Channel 1 TSLNoU (total speaking length no utterances): 51.0994 secs
	Channel 1 TSI (total speaking interrupts): 0 times
	Channel 1 TSI (total speaking unsuccessful interrupts): 0 times
	Channel 1 Dominance Percentage: 89.4667%
	Channel 1 Is Dominant: YES
	Channel 1 Session Time: 447.589 sec
Giving Floor to Channel 1

	Channel 1 spoke for 3.2957 secs
	Channel 1 TSL (total speaking length): 68.7937 secs
	Channel 1 TSLNoU (total speaking length no utterances): 54.3951 secs
	Channel 1 TSI (total speaking interrupts): 0 times
	Channel 1 TSI (total speaking unsuccessful interrupts): 0 times
	Channel 1 Dominance Percentage: 89.9205%
	Channel 1 Is Dominant: YES
	Channel 1 Session Time: 451.685 sec
Giving Floor to Channel 1

	Channel 1 spoke for 2.62376 secs
	Channel 1 TSL (total speaking length): 71.4175 secs
	Channel 1 TSLNoU (total speaking length no utterances): 57.0188 secs
	Channel 1 TSI (total speaking interrupts): 0 times
	Channel 1 TSI (total speaking unsuccessful interrupts): 0 times
	Channel 1 Dominance Percentage: 90.2547%
	Channel 1 Is Dominant: YES
	Channel 1 Session Time: 458.756 sec
Giving Floor to Channel 1

	Channel 1 spoke for 2.30379 secs
	Channel 1 TSL (total speaking length): 73.7213 secs
	Channel 1 TSLNoU (total speaking length no utterances): 59.3226 secs
	Channel 1 TSI (total speaking interrupts): 0 times
	Channel 1 TSI (total speaking unsuccessful interrupts): 0 times
	Channel 1 Dominance Percentage: 90.5304%
	Channel 1 Is Dominant: YES
	Channel 1 Session Time: 462.564 sec
Giving Floor to Channel 1

	Channel 1 spoke for 3.13571 secs
	Channel 1 TSL (total speaking length): 76.857 secs
	Channel 1 TSLNoU (total speaking length no utterances): 62.4583 secs
	Channel 1 TSI (total speaking interrupts): 0 times
	Channel 1 TSI (total speaking unsuccessful interrupts): 0 times
	Channel 1 Dominance Percentage: 90.8815%
	Channel 1 Is Dominant: YES
	Channel 1 Session Time: 466.403 sec
Giving Floor to Channel 1

	Channel 1 spoke for 4.31959 secs
	Channel 1 TSL (total speaking length): 81.1766 secs
	Channel 1 TSLNoU (total speaking length no utterances): 66.7779 secs
	Channel 1 TSI (total speaking interrupts): 0 times
	Channel 1 TSI (total speaking unsuccessful interrupts): 0 times
	Channel 1 Dominance Percentage: 91.3247%
	Channel 1 Is Dominant: YES
	Channel 1 Session Time: 471.363 sec
Giving Floor to Channel 1

	Channel 1 spoke for 1.31188 secs
	Channel 1 TSL (total speaking length): 82.4885 secs
	Channel 1 TSLNoU (total speaking length no utterances): 68.0898 secs
	Channel 1 TSI (total speaking interrupts): 0 times
	Channel 1 TSI (total speaking unsuccessful interrupts): 0 times
	Channel 1 Dominance Percentage: 91.4508%
	Channel 1 Is Dominant: YES
	Channel 1 Session Time: 473.379 sec
Giving Floor to Channel 1

	Channel 1 spoke for 2.23978 secs
	Channel 1 TSL (total speaking length): 84.7282 secs
	Channel 1 TSLNoU (total speaking length no utterances): 70.3296 secs
	Channel 1 TSI (total speaking interrupts): 0 times
	Channel 1 TSI (total speaking unsuccessful interrupts): 0 times
	Channel 1 Dominance Percentage: 91.658%
	Channel 1 Is Dominant: YES
	Channel 1 Session Time: 481.442 sec
Giving Floor to Channel 2

	Channel 2 spoke for 0.383963 secs
	Channel 2 TSL (total speaking length): 8.0953 secs
	Channel 2 TSLNoU (total speaking length no utterances): 1.21588 secs
	Channel 2 TSI (total speaking interrupts): 0 times
	Channel 2 TSI (total speaking unsuccessful interrupts): 0 times
	Channel 2 Dominance Percentage: 8.72117%
	Channel 2 Is Dominant: NO
	Channel 2 Session Time: 486.433 sec
Giving Floor to Channel 2

	Channel 2 spoke for 0.415957 secs
	Channel 2 TSL (total speaking length): 8.51126 secs
	Channel 2 TSLNoU (total speaking length no utterances): 1.21588 secs
	Channel 2 TSI (total speaking interrupts): 0 times
	Channel 2 TSI (total speaking unsuccessful interrupts): 0 times
	Channel 2 Dominance Percentage: 9.12838%
	Channel 2 Is Dominant: NO
	Channel 2 Session Time: 490.401 sec
Giving Floor to Channel 1

	Channel 1 spoke for 0.511942 secs
	Channel 1 TSL (total speaking length): 85.2402 secs
	Channel 1 TSLNoU (total speaking length no utterances): 70.3296 secs
	Channel 1 TSI (total speaking interrupts): 0 times
	Channel 1 TSI (total speaking unsuccessful interrupts): 0 times
	Channel 1 Dominance Percentage: 90.9215%
	Channel 1 Is Dominant: YES
	Channel 1 Session Time: 491.969 sec
Giving Floor to Channel 1

	Channel 1 spoke for 0.767932 secs
	Channel 1 TSL (total speaking length): 86.0081 secs
	Channel 1 TSLNoU (total speaking length no utterances): 70.3296 secs
	Channel 1 TSI (total speaking interrupts): 0 times
	Channel 1 TSI (total speaking unsuccessful interrupts): 0 times
	Channel 1 Dominance Percentage: 90.9952%
	Channel 1 Is Dominant: YES
	Channel 1 Session Time: 494.337 sec
Giving Floor to Channel 1

	Channel 1 spoke for 0.12796 secs
	Channel 1 TSL (total speaking length): 86.1361 secs
	Channel 1 TSLNoU (total speaking length no utterances): 70.3296 secs
	Channel 1 TSI (total speaking interrupts): 0 times
	Channel 1 TSI (total speaking unsuccessful interrupts): 0 times
	Channel 1 Dominance Percentage: 91.0074%
	Channel 1 Is Dominant: YES
	Channel 1 Session Time: 495.105 sec
Giving Floor to Channel 1

	Channel 1 spoke for 1.66385 secs
	Channel 1 TSL (total speaking length): 87.7999 secs
	Channel 1 TSLNoU (total speaking length no utterances): 71.9934 secs
	Channel 1 TSI (total speaking interrupts): 0 times
	Channel 1 TSI (total speaking unsuccessful interrupts): 0 times
	Channel 1 Dominance Percentage: 91.1628%
	Channel 1 Is Dominant: YES
	Channel 1 Session Time: 503.744 sec
Giving Floor to Channel 1

	Channel 1 spoke for 0.863923 secs
	Channel 1 TSL (total speaking length): 88.6638 secs
	Channel 1 TSLNoU (total speaking length no utterances): 71.9934 secs
	Channel 1 TSI (total speaking interrupts): 0 times
	Channel 1 TSI (total speaking unsuccessful interrupts): 0 times
	Channel 1 Dominance Percentage: 91.2413%
	Channel 1 Is Dominant: YES
	Channel 1 Session Time: 513.823 sec
Giving Floor to Channel 1

	Channel 1 spoke for 0.575949 secs
	Channel 1 TSL (total speaking length): 89.2398 secs
	Channel 1 TSLNoU (total speaking length no utterances): 71.9934 secs
	Channel 1 TSI (total speaking interrupts): 0 times
	Channel 1 TSI (total speaking unsuccessful interrupts): 0 times
	Channel 1 Dominance Percentage: 91.2929%
	Channel 1 Is Dominant: YES
	Channel 1 Session Time: 517.726 sec
Giving Floor to Channel 1

	Channel 1 spoke for 0.287975 secs
	Channel 1 TSL (total speaking length): 89.5278 secs
	Channel 1 TSLNoU (total speaking length no utterances): 71.9934 secs
	Channel 1 TSI (total speaking interrupts): 0 times
	Channel 1 TSI (total speaking unsuccessful interrupts): 0 times
	Channel 1 Dominance Percentage: 91.3185%
	Channel 1 Is Dominant: YES
	Channel 1 Session Time: 564.122 sec
Giving Floor to Channel 1

	Channel 1 spoke for 1.95182 secs
	Channel 1 TSL (total speaking length): 91.4796 secs
	Channel 1 TSLNoU (total speaking length no utterances): 73.9453 secs
	Channel 1 TSI (total speaking interrupts): 0 times
	Channel 1 TSI (total speaking unsuccessful interrupts): 0 times
	Channel 1 Dominance Percentage: 91.488%
	Channel 1 Is Dominant: YES
	Channel 1 Session Time: 582.009 sec
Giving Floor to Channel 1

	Channel 1 spoke for 1.95181 secs
	Channel 1 TSL (total speaking length): 93.4314 secs
	Channel 1 TSLNoU (total speaking length no utterances): 75.8971 secs
	Channel 1 TSI (total speaking interrupts): 0 times
	Channel 1 TSI (total speaking unsuccessful interrupts): 0 times
	Channel 1 Dominance Percentage: 91.6509%
	Channel 1 Is Dominant: YES
	Channel 1 Session Time: 597.591 sec
Giving Floor to Channel 1

	Channel 1 spoke for 1.82383 secs
	Channel 1 TSL (total speaking length): 95.2552 secs
	Channel 1 TSLNoU (total speaking length no utterances): 77.7209 secs
	Channel 1 TSI (total speaking interrupts): 0 times
	Channel 1 TSI (total speaking unsuccessful interrupts): 0 times
	Channel 1 Dominance Percentage: 91.7977%
	Channel 1 Is Dominant: YES
	Channel 1 Session Time: 600.375 sec
Giving Floor to Channel 1

	Channel 1 spoke for 0.991911 secs
	Channel 1 TSL (total speaking length): 96.2471 secs
	Channel 1 TSLNoU (total speaking length no utterances): 77.7209 secs
	Channel 1 TSI (total speaking interrupts): 0 times
	Channel 1 TSI (total speaking unsuccessful interrupts): 0 times
	Channel 1 Dominance Percentage: 91.8753%
	Channel 1 Is Dominant: YES
	Channel 1 Session Time: 602.391 sec
Giving Floor to Channel 1

	Channel 1 spoke for 0.959911 secs
	Channel 1 TSL (total speaking length): 97.207 secs
	Channel 1 TSLNoU (total speaking length no utterances): 77.7209 secs
	Channel 1 TSI (total speaking interrupts): 0 times
	Channel 1 TSI (total speaking unsuccessful interrupts): 0 times
	Channel 1 Dominance Percentage: 91.9491%
	Channel 1 Is Dominant: YES
	Channel 1 Session Time: 604.694 sec
Giving Floor to Channel 2

	Channel 2 spoke for 0.063967 secs
	Channel 2 TSL (total speaking length): 8.57522 secs
	Channel 2 TSLNoU (total speaking length no utterances): 1.21588 secs
	Channel 2 TSI (total speaking interrupts): 0 times
	Channel 2 TSI (total speaking unsuccessful interrupts): 0 times
	Channel 2 Dominance Percentage: 8.10648%
	Channel 2 Is Dominant: NO
	Channel 2 Session Time: 605.27 sec
Giving Floor to Channel 1

	Channel 1 spoke for 0.415951 secs
	Channel 1 TSL (total speaking length): 97.623 secs
	Channel 1 TSLNoU (total speaking length no utterances): 77.7209 secs
	Channel 1 TSI (total speaking interrupts): 0 times
	Channel 1 TSI (total speaking unsuccessful interrupts): 0 times
	Channel 1 Dominance Percentage: 91.9253%
	Channel 1 Is Dominant: YES
	Channel 1 Session Time: 612.278 sec
Giving Floor to Channel 1

	Channel 1 spoke for 0.575951 secs
	Channel 1 TSL (total speaking length): 98.1989 secs
	Channel 1 TSLNoU (total speaking length no utterances): 77.7209 secs
	Channel 1 TSI (total speaking interrupts): 0 times
	Channel 1 TSI (total speaking unsuccessful interrupts): 0 times
	Channel 1 Dominance Percentage: 91.9688%
	Channel 1 Is Dominant: YES
	Channel 1 Session Time: 613.59 sec
Giving Floor to Channel 2

	Channel 2 spoke for 0.351962 secs
	Channel 2 TSL (total speaking length): 8.92718 secs
	Channel 2 TSLNoU (total speaking length no utterances): 1.21588 secs
	Channel 2 TSI (total speaking interrupts): 0 times
	Channel 2 TSI (total speaking unsuccessful interrupts): 0 times
	Channel 2 Dominance Percentage: 8.33334%
	Channel 2 Is Dominant: NO
	Channel 2 Session Time: 614.07 sec
Giving Floor to Channel 1

	Channel 1 spoke for 0.319974 secs
	Channel 1 TSL (total speaking length): 98.5189 secs
	Channel 1 TSLNoU (total speaking length no utterances): 77.7209 secs
	Channel 1 TSI (total speaking interrupts): 0 times
	Channel 1 TSI (total speaking unsuccessful interrupts): 0 times
	Channel 1 Dominance Percentage: 91.6915%
	Channel 1 Is Dominant: YES
	Channel 1 Session Time: 624.853 sec
Giving Floor to Channel 1

	Channel 1 spoke for 1.82383 secs
	Channel 1 TSL (total speaking length): 100.343 secs
	Channel 1 TSLNoU (total speaking length no utterances): 79.5447 secs
	Channel 1 TSI (total speaking interrupts): 0 times
	Channel 1 TSI (total speaking unsuccessful interrupts): 0 times
	Channel 1 Dominance Percentage: 91.8302%
	Channel 1 Is Dominant: YES
	Channel 1 Session Time: 628.596 sec
Giving Floor to Channel 1

	Channel 1 spoke for 0.543957 secs
	Channel 1 TSL (total speaking length): 100.887 secs
	Channel 1 TSLNoU (total speaking length no utterances): 79.5447 secs
	Channel 1 TSI (total speaking interrupts): 0 times
	Channel 1 TSI (total speaking unsuccessful interrupts): 0 times
	Channel 1 Dominance Percentage: 91.8706%
	Channel 1 Is Dominant: YES
	Channel 1 Session Time: 629.972 sec
Giving Floor to Channel 1

	Channel 1 spoke for 0.57595 secs
	Channel 1 TSL (total speaking length): 101.463 secs
	Channel 1 TSLNoU (total speaking length no utterances): 79.5447 secs
	Channel 1 TSI (total speaking interrupts): 0 times
	Channel 1 TSI (total speaking unsuccessful interrupts): 0 times
	Channel 1 Dominance Percentage: 91.913%
	Channel 1 Is Dominant: YES
	Channel 1 Session Time: 632.628 sec
Giving Floor to Channel 1

	Channel 1 spoke for 0.863924 secs
	Channel 1 TSL (total speaking length): 102.327 secs
	Channel 1 TSLNoU (total speaking length no utterances): 79.5447 secs
	Channel 1 TSI (total speaking interrupts): 0 times
	Channel 1 TSI (total speaking unsuccessful interrupts): 0 times
	Channel 1 Dominance Percentage: 91.9758%
	Channel 1 Is Dominant: YES
	Channel 1 Session Time: 644.851 sec
Giving Floor to Channel 2

	Channel 2 spoke for 0.287972 secs
	Channel 2 TSL (total speaking length): 9.21516 secs
	Channel 2 TSLNoU (total speaking length no utterances): 1.21588 secs
	Channel 2 TSI (total speaking interrupts): 0 times
	Channel 2 TSI (total speaking unsuccessful interrupts): 0 times
	Channel 2 Dominance Percentage: 8.26162%
	Channel 2 Is Dominant: NO
	Channel 2 Session Time: 652.082 sec
Giving Floor to Channel 2

	Channel 2 spoke for 0.159982 secs
	Channel 2 TSL (total speaking length): 9.37514 secs
	Channel 2 TSLNoU (total speaking length no utterances): 1.21588 secs
	Channel 2 TSI (total speaking interrupts): 0 times
	Channel 2 TSI (total speaking unsuccessful interrupts): 0 times
	Channel 2 Dominance Percentage: 8.39301%
	Channel 2 Is Dominant: NO
	Channel 2 Session Time: 653.426 sec
Giving Floor to Channel 1

	Channel 1 spoke for 1.11986 secs
	Channel 1 TSL (total speaking length): 103.446 secs
	Channel 1 TSLNoU (total speaking length no utterances): 80.6646 secs
	Channel 1 TSI (total speaking interrupts): 0 times
	Channel 1 TSI (total speaking unsuccessful interrupts): 0 times
	Channel 1 Dominance Percentage: 91.6903%
	Channel 1 Is Dominant: YES
	Channel 1 Session Time: 667.697 sec
Giving Floor to Channel 1

	Channel 1 spoke for 2.68775 secs
	Channel 1 TSL (total speaking length): 106.134 secs
	Channel 1 TSLNoU (total speaking length no utterances): 83.3523 secs
	Channel 1 TSI (total speaking interrupts): 0 times
	Channel 1 TSI (total speaking unsuccessful interrupts): 0 times
	Channel 1 Dominance Percentage: 91.8837%
	Channel 1 Is Dominant: YES
	Channel 1 Session Time: 677.584 sec
Giving Floor to Channel 1

	Channel 1 spoke for 0.703932 secs
	Channel 1 TSL (total speaking length): 106.838 secs
	Channel 1 TSLNoU (total speaking length no utterances): 83.3523 secs
	Channel 1 TSI (total speaking interrupts): 0 times
	Channel 1 TSI (total speaking unsuccessful interrupts): 0 times
	Channel 1 Dominance Percentage: 91.9328%
	Channel 1 Is Dominant: YES
	Channel 1 Session Time: 690.99 sec
Giving Floor to Channel 1

	Channel 1 spoke for 2.62375 secs
	Channel 1 TSL (total speaking length): 109.462 secs
	Channel 1 TSLNoU (total speaking length no utterances): 85.9761 secs
	Channel 1 TSI (total speaking interrupts): 0 times
	Channel 1 TSI (total speaking unsuccessful interrupts): 0 times
	Channel 1 Dominance Percentage: 92.1109%
	Channel 1 Is Dominant: YES
	Channel 1 Session Time: 699.31 sec
Giving Floor to Channel 1

	Channel 1 spoke for 0.543944 secs
	Channel 1 TSL (total speaking length): 110.006 secs
	Channel 1 TSLNoU (total speaking length no utterances): 85.9761 secs
	Channel 1 TSI (total speaking interrupts): 0 times
	Channel 1 TSI (total speaking unsuccessful interrupts): 0 times
	Channel 1 Dominance Percentage: 92.1469%
	Channel 1 Is Dominant: YES
	Channel 1 Session Time: 732.843 sec
Giving Floor to Channel 1

	Channel 1 spoke for 0.447961 secs
	Channel 1 TSL (total speaking length): 110.454 secs
	Channel 1 TSLNoU (total speaking length no utterances): 85.9761 secs
	Channel 1 TSI (total speaking interrupts): 0 times
	Channel 1 TSI (total speaking unsuccessful interrupts): 0 times
	Channel 1 Dominance Percentage: 92.1762%
	Channel 1 Is Dominant: YES
	Channel 1 Session Time: 733.419 sec
Giving Floor to Channel 2

	Channel 2 spoke for 1.24789 secs
	Channel 2 TSL (total speaking length): 10.623 secs
	Channel 2 TSLNoU (total speaking length no utterances): 2.46377 secs
	Channel 2 TSI (total speaking interrupts): 0 times
	Channel 2 TSI (total speaking unsuccessful interrupts): 0 times
	Channel 2 Dominance Percentage: 8.77379%
	Channel 2 Is Dominant: NO
	Channel 2 Session Time: 743.946 sec
Giving Floor to Channel 1

	Channel 1 spoke for 1.02392 secs
	Channel 1 TSL (total speaking length): 111.478 secs
	Channel 1 TSLNoU (total speaking length no utterances): 87 secs
	Channel 1 TSI (total speaking interrupts): 0 times
	Channel 1 TSI (total speaking unsuccessful interrupts): 0 times
	Channel 1 Dominance Percentage: 91.2998%
	Channel 1 Is Dominant: YES
	Channel 1 Session Time: 767.175 sec
Giving Floor to Channel 1

	Channel 1 spoke for 0.415954 secs
	Channel 1 TSL (total speaking length): 111.894 secs
	Channel 1 TSLNoU (total speaking length no utterances): 87 secs
	Channel 1 TSI (total speaking interrupts): 0 times
	Channel 1 TSI (total speaking unsuccessful interrupts): 0 times
	Channel 1 Dominance Percentage: 91.3293%
	Channel 1 Is Dominant: YES
	Channel 1 Session Time: 769.703 sec
Giving Floor to Channel 1

	Channel 1 spoke for 0.735936 secs
	Channel 1 TSL (total speaking length): 112.63 secs
	Channel 1 TSLNoU (total speaking length no utterances): 87 secs
	Channel 1 TSI (total speaking interrupts): 0 times
	Channel 1 TSI (total speaking unsuccessful interrupts): 0 times
	Channel 1 Dominance Percentage: 91.3811%
	Channel 1 Is Dominant: YES
	Channel 1 Session Time: 790.693 sec
Giving Floor to Channel 2

	Channel 2 spoke for 0.639939 secs
	Channel 2 TSL (total speaking length): 11.263 secs
	Channel 2 TSLNoU (total speaking length no utterances): 2.46377 secs
	Channel 2 TSI (total speaking interrupts): 0 times
	Channel 2 TSI (total speaking unsuccessful interrupts): 0 times
	Channel 2 Dominance Percentage: 9.09092%
	Channel 2 Is Dominant: NO
	Channel 2 Session Time: 796.229 sec
Giving Floor to Channel 1

	Channel 1 spoke for 1.63183 secs
	Channel 1 TSL (total speaking length): 114.261 secs
	Channel 1 TSLNoU (total speaking length no utterances): 88.6318 secs
	Channel 1 TSI (total speaking interrupts): 0 times
	Channel 1 TSI (total speaking unsuccessful interrupts): 0 times
	Channel 1 Dominance Percentage: 91.0273%
	Channel 1 Is Dominant: YES
	Channel 1 Session Time: 820.771 sec
Giving Floor to Channel 1

	Channel 1 spoke for 1.24789 secs
	Channel 1 TSL (total speaking length): 115.509 secs
	Channel 1 TSLNoU (total speaking length no utterances): 89.8797 secs
	Channel 1 TSI (total speaking interrupts): 0 times
	Channel 1 TSI (total speaking unsuccessful interrupts): 0 times
	Channel 1 Dominance Percentage: 91.1156%
	Channel 1 Is Dominant: YES
	Channel 1 Session Time: 843.104 sec
Giving Floor to Channel 1

	Channel 1 spoke for 1.21589 secs
	Channel 1 TSL (total speaking length): 116.725 secs
	Channel 1 TSLNoU (total speaking length no utterances): 91.0956 secs
	Channel 1 TSI (total speaking interrupts): 0 times
	Channel 1 TSI (total speaking unsuccessful interrupts): 0 times
	Channel 1 Dominance Percentage: 91.2%
	Channel 1 Is Dominant: YES
	Channel 1 Session Time: 853.248 sec
Giving Floor to Channel 1

	Channel 1 spoke for 1.95183 secs
	Channel 1 TSL (total speaking length): 118.677 secs
	Channel 1 TSLNoU (total speaking length no utterances): 93.0474 secs
	Channel 1 TSI (total speaking interrupts): 0 times
	Channel 1 TSI (total speaking unsuccessful interrupts): 0 times
	Channel 1 Dominance Percentage: 91.3322%
	Channel 1 Is Dominant: YES
	Channel 1 Session Time: 862.463 sec
Giving Floor to Channel 1

	Channel 1 spoke for 0.86392 secs
	Channel 1 TSL (total speaking length): 119.541 secs
	Channel 1 TSLNoU (total speaking length no utterances): 93.0474 secs
	Channel 1 TSI (total speaking interrupts): 0 times
	Channel 1 TSI (total speaking unsuccessful interrupts): 0 times
	Channel 1 Dominance Percentage: 91.3894%
	Channel 1 Is Dominant: YES
	Channel 1 Session Time: 870.878 sec
Giving Floor to Channel 1

	Channel 1 spoke for 0.895916 secs
	Channel 1 TSL (total speaking length): 120.437 secs
	Channel 1 TSLNoU (total speaking length no utterances): 93.0474 secs
	Channel 1 TSI (total speaking interrupts): 0 times
	Channel 1 TSI (total speaking unsuccessful interrupts): 0 times
	Channel 1 Dominance Percentage: 91.448%
	Channel 1 Is Dominant: YES
	Channel 1 Session Time: 889.308 sec
Giving Floor to Channel 1

	Channel 1 spoke for 0.479956 secs
	Channel 1 TSL (total speaking length): 120.917 secs
	Channel 1 TSLNoU (total speaking length no utterances): 93.0474 secs
	Channel 1 TSI (total speaking interrupts): 0 times
	Channel 1 TSI (total speaking unsuccessful interrupts): 0 times
	Channel 1 Dominance Percentage: 91.4791%
	Channel 1 Is Dominant: YES
	Channel 1 Session Time: 890.588 sec
Giving Floor to Channel 2

	Channel 2 spoke for 0.35194 secs
	Channel 2 TSL (total speaking length): 11.6149 secs
	Channel 2 TSLNoU (total speaking length no utterances): 2.46377 secs
	Channel 2 TSI (total speaking interrupts): 0 times
	Channel 2 TSI (total speaking unsuccessful interrupts): 0 times
	Channel 2 Dominance Percentage: 8.76387%
	Channel 2 Is Dominant: NO
	Channel 2 Session Time: 896.603 sec
Giving Floor to Channel 2

	Channel 1 spoke for 1.11989 secs
	Channel 1 TSL (total speaking length): 122.037 secs
	Channel 1 TSLNoU (total speaking length no utterances): 94.1673 secs
	Channel 1 TSI (total speaking interrupts): 0 times
	Channel 1 TSI (total speaking unsuccessful interrupts): 0 times
	Channel 1 Dominance Percentage: 91.3096%
	Channel 1 Is Dominant: YES
	Channel 1 Session Time: 902.427 sec
	Channel 1 spoke for 3.90363 secs
	Channel 1 TSL (total speaking length): 125.94 secs
	Channel 1 TSLNoU (total speaking length no utterances): 98.071 secs
	Channel 1 TSI (total speaking interrupts): 0 times
	Channel 1 TSI (total speaking unsuccessful interrupts): 0 times
	Channel 1 Dominance Percentage: 91.5562%
	Channel 1 Is Dominant: YES
	Channel 1 Session Time: 913.274 sec
	Channel 1 spoke for 0.895914 secs
	Channel 1 TSL (total speaking length): 126.836 secs
	Channel 1 TSLNoU (total speaking length no utterances): 98.071 secs
	Channel 1 TSI (total speaking interrupts): 0 times
	Channel 1 TSI (total speaking unsuccessful interrupts): 0 times
	Channel 1 Dominance Percentage: 91.6108%
	Channel 1 Is Dominant: YES
	Channel 1 Session Time: 914.81 sec
	Channel 2 spoke for 19.5182 secs
	Channel 2 TSL (total speaking length): 31.1331 secs
	Channel 2 TSLNoU (total speaking length no utterances): 21.982 secs
	Channel 2 TSI (total speaking interrupts): 0 times
	Channel 2 TSI (total speaking unsuccessful interrupts): 0 times
	Channel 2 Dominance Percentage: 19.7083%
	Channel 2 Is Dominant: NO
	Channel 2 Session Time: 918.521 sec
Giving Floor to Channel 1

	Channel 1 spoke for 0.607942 secs
	Channel 1 TSL (total speaking length): 127.444 secs
	Channel 1 TSLNoU (total speaking length no utterances): 98.071 secs
	Channel 1 TSI (total speaking interrupts): 0 times
	Channel 1 TSI (total speaking unsuccessful interrupts): 0 times
	Channel 1 Dominance Percentage: 80.3672%
	Channel 1 Is Dominant: YES
	Channel 1 Session Time: 925.113 sec
Giving Floor to Channel 1

	Channel 1 spoke for 0.671937 secs
	Channel 1 TSL (total speaking length): 128.116 secs
	Channel 1 TSLNoU (total speaking length no utterances): 98.071 secs
	Channel 1 TSI (total speaking interrupts): 0 times
	Channel 1 TSI (total speaking unsuccessful interrupts): 0 times
	Channel 1 Dominance Percentage: 80.4501%
	Channel 1 Is Dominant: YES
	Channel 1 Session Time: 950.007 sec
Giving Floor to Channel 2

	Channel 2 spoke for 0.191997 secs
	Channel 2 TSL (total speaking length): 31.3251 secs
	Channel 2 TSLNoU (total speaking length no utterances): 21.982 secs
	Channel 2 TSI (total speaking interrupts): 0 times
	Channel 2 TSI (total speaking unsuccessful interrupts): 0 times
	Channel 2 Dominance Percentage: 19.6468%
	Channel 2 Is Dominant: NO
	Channel 2 Session Time: 952.79 sec
Giving Floor to Channel 1

	Channel 1 spoke for 0.51195 secs
	Channel 1 TSL (total speaking length): 128.628 secs
	Channel 1 TSLNoU (total speaking length no utterances): 98.071 secs
	Channel 1 TSI (total speaking interrupts): 0 times
	Channel 1 TSI (total speaking unsuccessful interrupts): 0 times
	Channel 1 Dominance Percentage: 80.4161%
	Channel 1 Is Dominant: YES
	Channel 1 Session Time: 955.798 sec
Giving Floor to Channel 1

	Channel 1 spoke for 1.15189 secs
	Channel 1 TSL (total speaking length): 129.78 secs
	Channel 1 TSLNoU (total speaking length no utterances): 99.2229 secs
	Channel 1 TSI (total speaking interrupts): 0 times
	Channel 1 TSI (total speaking unsuccessful interrupts): 0 times
	Channel 1 Dominance Percentage: 80.5561%
	Channel 1 Is Dominant: YES
	Channel 1 Session Time: 963.157 sec
Giving Floor to Channel 1

	Channel 1 spoke for 1.88786 secs
	Channel 1 TSL (total speaking length): 131.668 secs
	Channel 1 TSLNoU (total speaking length no utterances): 101.111 secs
	Channel 1 TSI (total speaking interrupts): 0 times
	Channel 1 TSI (total speaking unsuccessful interrupts): 0 times
	Channel 1 Dominance Percentage: 80.7813%
	Channel 1 Is Dominant: YES
	Channel 1 Session Time: 966.773 sec
Giving Floor to Channel 1

	Channel 1 spoke for 0.991891 secs
	Channel 1 TSL (total speaking length): 132.66 secs
	Channel 1 TSLNoU (total speaking length no utterances): 101.111 secs
	Channel 1 TSI (total speaking interrupts): 0 times
	Channel 1 TSI (total speaking unsuccessful interrupts): 0 times
	Channel 1 Dominance Percentage: 80.8975%
	Channel 1 Is Dominant: YES
	Channel 1 Session Time: 968.725 sec
Giving Floor to Channel 1

	Channel 1 spoke for 1.34387 secs
	Channel 1 TSL (total speaking length): 134.004 secs
	Channel 1 TSLNoU (total speaking length no utterances): 102.455 secs
	Channel 1 TSI (total speaking interrupts): 0 times
	Channel 1 TSI (total speaking unsuccessful interrupts): 0 times
	Channel 1 Dominance Percentage: 81.0528%
	Channel 1 Is Dominant: YES
	Channel 1 Session Time: 970.389 sec
Giving Floor to Channel 1

	Channel 1 spoke for 2.46377 secs
	Channel 1 TSL (total speaking length): 136.467 secs
	Channel 1 TSLNoU (total speaking length no utterances): 104.918 secs
	Channel 1 TSI (total speaking interrupts): 0 times
	Channel 1 TSI (total speaking unsuccessful interrupts): 0 times
	Channel 1 Dominance Percentage: 81.331%
	Channel 1 Is Dominant: YES
	Channel 1 Session Time: 974.676 sec
Giving Floor to Channel 1

	Channel 1 spoke for 0.511927 secs
	Channel 1 TSL (total speaking length): 136.979 secs
	Channel 1 TSLNoU (total speaking length no utterances): 104.918 secs
	Channel 1 TSI (total speaking interrupts): 0 times
	Channel 1 TSI (total speaking unsuccessful interrupts): 0 times
	Channel 1 Dominance Percentage: 81.3878%
	Channel 1 Is Dominant: YES
	Channel 1 Session Time: 975.924 sec
Giving Floor to Channel 1

	Channel 1 spoke for 1.40787 secs
	Channel 1 TSL (total speaking length): 138.387 secs
	Channel 1 TSLNoU (total speaking length no utterances): 106.326 secs
	Channel 1 TSI (total speaking interrupts): 0 times
	Channel 1 TSI (total speaking unsuccessful interrupts): 0 times
	Channel 1 Dominance Percentage: 81.5422%
	Channel 1 Is Dominant: YES
	Channel 1 Session Time: 981.332 sec
Giving Floor to Channel 1

	Channel 1 spoke for 0.063993 secs
	Channel 1 TSL (total speaking length): 138.451 secs
	Channel 1 TSLNoU (total speaking length no utterances): 106.326 secs
	Channel 1 TSI (total speaking interrupts): 0 times
	Channel 1 TSI (total speaking unsuccessful interrupts): 0 times
	Channel 1 Dominance Percentage: 81.5492%
	Channel 1 Is Dominant: YES
	Channel 1 Session Time: 981.524 sec
Giving Floor to Channel 1

	Channel 1 spoke for 2.2398 secs
	Channel 1 TSL (total speaking length): 140.691 secs
	Channel 1 TSLNoU (total speaking length no utterances): 108.566 secs
	Channel 1 TSI (total speaking interrupts): 0 times
	Channel 1 TSI (total speaking unsuccessful interrupts): 0 times
	Channel 1 Dominance Percentage: 81.7894%
	Channel 1 Is Dominant: YES
	Channel 1 Session Time: 984.531 sec
Giving Floor to Channel 1

	Channel 1 spoke for 0.127993 secs
	Channel 1 TSL (total speaking length): 140.819 secs
	Channel 1 TSLNoU (total speaking length no utterances): 108.566 secs
	Channel 1 TSI (total speaking interrupts): 0 times
	Channel 1 TSI (total speaking unsuccessful interrupts): 0 times
	Channel 1 Dominance Percentage: 81.803%
	Channel 1 Is Dominant: YES
	Channel 1 Session Time: 986.099 sec
Giving Floor to Channel 1

	Channel 1 spoke for 0.447951 secs
	Channel 1 TSL (total speaking length): 141.267 secs
	Channel 1 TSLNoU (total speaking length no utterances): 108.566 secs
	Channel 1 TSI (total speaking interrupts): 0 times
	Channel 1 TSI (total speaking unsuccessful interrupts): 0 times
	Channel 1 Dominance Percentage: 81.8502%
	Channel 1 Is Dominant: YES
	Channel 1 Session Time: 986.707 sec
Giving Floor to Channel 1

	Channel 1 spoke for 1.11987 secs
	Channel 1 TSL (total speaking length): 142.387 secs
	Channel 1 TSLNoU (total speaking length no utterances): 109.686 secs
	Channel 1 TSI (total speaking interrupts): 0 times
	Channel 1 TSI (total speaking unsuccessful interrupts): 0 times
	Channel 1 Dominance Percentage: 81.9672%
	Channel 1 Is Dominant: YES
	Channel 1 Session Time: 990.707 sec
Giving Floor to Channel 1

	Channel 1 spoke for 2.07982 secs
	Channel 1 TSL (total speaking length): 144.467 secs
	Channel 1 TSLNoU (total speaking length no utterances): 111.766 secs
	Channel 1 TSI (total speaking interrupts): 0 times
	Channel 1 TSI (total speaking unsuccessful interrupts): 0 times
	Channel 1 Dominance Percentage: 82.1805%
	Channel 1 Is Dominant: YES
	Channel 1 Session Time: 1003.51 sec
Giving Floor to Channel 1

	Channel 1 spoke for 1.59987 secs
	Channel 1 TSL (total speaking length): 146.066 secs
	Channel 1 TSLNoU (total speaking length no utterances): 113.366 secs
	Channel 1 TSI (total speaking interrupts): 0 times
	Channel 1 TSI (total speaking unsuccessful interrupts): 0 times
	Channel 1 Dominance Percentage: 82.3413%
	Channel 1 Is Dominant: YES
	Channel 1 Session Time: 1005.84 sec
Giving Floor to Channel 1

	Channel 1 spoke for 2.39974 secs
	Channel 1 TSL (total speaking length): 148.466 secs
	Channel 1 TSLNoU (total speaking length no utterances): 115.765 secs
	Channel 1 TSI (total speaking interrupts): 0 times
	Channel 1 TSI (total speaking unsuccessful interrupts): 0 times
	Channel 1 Dominance Percentage: 82.577%
	Channel 1 Is Dominant: YES
	Channel 1 Session Time: 1011.95 sec
Giving Floor to Channel 1

	Channel 1 spoke for 0.447962 secs
	Channel 1 TSL (total speaking length): 148.914 secs
	Channel 1 TSLNoU (total speaking length no utterances): 115.765 secs
	Channel 1 TSI (total speaking interrupts): 0 times
	Channel 1 TSI (total speaking unsuccessful interrupts): 0 times
	Channel 1 Dominance Percentage: 82.6203%
	Channel 1 Is Dominant: YES
	Channel 1 Session Time: 1014.19 sec
Giving Floor to Channel 1

	Channel 1 spoke for 1.95182 secs
	Channel 1 TSL (total speaking length): 150.866 secs
	Channel 1 TSLNoU (total speaking length no utterances): 117.717 secs
	Channel 1 TSI (total speaking interrupts): 0 times
	Channel 1 TSI (total speaking unsuccessful interrupts): 0 times
	Channel 1 Dominance Percentage: 82.8064%
	Channel 1 Is Dominant: YES
	Channel 1 Session Time: 1017.49 sec
Giving Floor to Channel 1

	Channel 1 spoke for 1.18389 secs
	Channel 1 TSL (total speaking length): 152.05 secs
	Channel 1 TSLNoU (total speaking length no utterances): 118.901 secs
	Channel 1 TSI (total speaking interrupts): 0 times
	Channel 1 TSI (total speaking unsuccessful interrupts): 0 times
	Channel 1 Dominance Percentage: 82.9174%
	Channel 1 Is Dominant: YES
	Channel 1 Session Time: 1022.48 sec
Giving Floor to Channel 1

	Channel 1 spoke for 0.063989 secs
	Channel 1 TSL (total speaking length): 152.114 secs
	Channel 1 TSLNoU (total speaking length no utterances): 118.901 secs
	Channel 1 TSI (total speaking interrupts): 0 times
	Channel 1 TSI (total speaking unsuccessful interrupts): 0 times
	Channel 1 Dominance Percentage: 82.9234%
	Channel 1 Is Dominant: YES
	Channel 1 Session Time: 1022.7 sec
Giving Floor to Channel 1

	Channel 1 spoke for 2.97572 secs
	Channel 1 TSL (total speaking length): 155.09 secs
	Channel 1 TSLNoU (total speaking length no utterances): 121.877 secs
	Channel 1 TSI (total speaking interrupts): 0 times
	Channel 1 TSI (total speaking unsuccessful interrupts): 0 times
	Channel 1 Dominance Percentage: 83.196%
	Channel 1 Is Dominant: YES
	Channel 1 Session Time: 1026.1 sec
Giving Floor to Channel 1

	Channel 1 spoke for 1.24788 secs
	Channel 1 TSL (total speaking length): 156.337 secs
	Channel 1 TSLNoU (total speaking length no utterances): 123.125 secs
	Channel 1 TSI (total speaking interrupts): 0 times
	Channel 1 TSI (total speaking unsuccessful interrupts): 0 times
	Channel 1 Dominance Percentage: 83.3077%
	Channel 1 Is Dominant: YES
	Channel 1 Session Time: 1028.05 sec
Giving Floor to Channel 1

	Channel 1 spoke for 0.927879 secs
	Channel 1 TSL (total speaking length): 157.265 secs
	Channel 1 TSLNoU (total speaking length no utterances): 123.125 secs
	Channel 1 TSI (total speaking interrupts): 0 times
	Channel 1 TSI (total speaking unsuccessful interrupts): 0 times
	Channel 1 Dominance Percentage: 83.3899%
	Channel 1 Is Dominant: YES
	Channel 1 Session Time: 1030.93 sec
Giving Floor to Channel 1

	Channel 1 spoke for 0.76796 secs
	Channel 1 TSL (total speaking length): 158.033 secs
	Channel 1 TSLNoU (total speaking length no utterances): 123.125 secs
	Channel 1 TSI (total speaking interrupts): 0 times
	Channel 1 TSI (total speaking unsuccessful interrupts): 0 times
	Channel 1 Dominance Percentage: 83.4572%
	Channel 1 Is Dominant: YES
	Channel 1 Session Time: 1032.78 sec
Giving Floor to Channel 2

	Channel 2 spoke for 0.319935 secs
	Channel 2 TSL (total speaking length): 31.6451 secs
	Channel 2 TSLNoU (total speaking length no utterances): 21.982 secs
	Channel 2 TSI (total speaking interrupts): 0 times
	Channel 2 TSI (total speaking unsuccessful interrupts): 0 times
	Channel 2 Dominance Percentage: 16.6835%
	Channel 2 Is Dominant: NO
	Channel 2 Session Time: 1034.22 sec
Giving Floor to Channel 2

	Channel 2 spoke for 0.479955 secs
	Channel 2 TSL (total speaking length): 32.125 secs
	Channel 2 TSLNoU (total speaking length no utterances): 21.982 secs
	Channel 2 TSI (total speaking interrupts): 0 times
	Channel 2 TSI (total speaking unsuccessful interrupts): 0 times
	Channel 2 Dominance Percentage: 16.8938%
	Channel 2 Is Dominant: NO
	Channel 2 Session Time: 1034.86 sec
Giving Floor to Channel 2

	Channel 2 spoke for 0.095991 secs
	Channel 2 TSL (total speaking length): 32.221 secs
	Channel 2 TSLNoU (total speaking length no utterances): 21.982 secs
	Channel 2 TSI (total speaking interrupts): 0 times
	Channel 2 TSI (total speaking unsuccessful interrupts): 0 times
	Channel 2 Dominance Percentage: 16.9358%
	Channel 2 Is Dominant: NO
	Channel 2 Session Time: 1035.12 sec
Giving Floor to Channel 1

	Channel 1 spoke for 1.79184 secs
	Channel 1 TSL (total speaking length): 159.825 secs
	Channel 1 TSLNoU (total speaking length no utterances): 124.916 secs
	Channel 1 TSI (total speaking interrupts): 0 times
	Channel 1 TSI (total speaking unsuccessful interrupts): 0 times
	Channel 1 Dominance Percentage: 83.2223%
	Channel 1 Is Dominant: YES
	Channel 1 Session Time: 1065.58 sec
Giving Floor to Channel 1

	Channel 1 spoke for 1.53586 secs
	Channel 1 TSL (total speaking length): 161.361 secs
	Channel 1 TSLNoU (total speaking length no utterances): 126.452 secs
	Channel 1 TSI (total speaking interrupts): 0 times
	Channel 1 TSI (total speaking unsuccessful interrupts): 0 times
	Channel 1 Dominance Percentage: 83.3554%
	Channel 1 Is Dominant: YES
	Channel 1 Session Time: 1070.96 sec
Giving Floor to Channel 1

	Channel 1 spoke for 0.863926 secs
	Channel 1 TSL (total speaking length): 162.225 secs
	Channel 1 TSLNoU (total speaking length no utterances): 126.452 secs
	Channel 1 TSI (total speaking interrupts): 0 times
	Channel 1 TSI (total speaking unsuccessful interrupts): 0 times
	Channel 1 Dominance Percentage: 83.4293%
	Channel 1 Is Dominant: YES
	Channel 1 Session Time: 1074.35 sec
Giving Floor to Channel 2

	Channel 2 spoke for 0.511943 secs
	Channel 2 TSL (total speaking length): 32.733 secs
	Channel 2 TSLNoU (total speaking length no utterances): 21.982 secs
	Channel 2 TSI (total speaking interrupts): 0 times
	Channel 2 TSI (total speaking unsuccessful interrupts): 0 times
	Channel 2 Dominance Percentage: 16.7898%
	Channel 2 Is Dominant: NO
	Channel 2 Session Time: 1097.99 sec
Giving Floor to Channel 2

	Channel 2 spoke for 0.415958 secs
	Channel 2 TSL (total speaking length): 33.1489 secs
	Channel 2 TSLNoU (total speaking length no utterances): 21.982 secs
	Channel 2 TSI (total speaking interrupts): 0 times
	Channel 2 TSI (total speaking unsuccessful interrupts): 0 times
	Channel 2 Dominance Percentage: 16.9669%
	Channel 2 Is Dominant: NO
	Channel 2 Session Time: 1099.34 sec
Giving Floor to Channel 1

